<?xml version="1.0" encoding="UTF-8"?>
<!-- Generated by org.testng.reporters.JUnitReportReporter -->
<testsuite hostname="ATMECSINDT-083" failures="0" tests="2" name="com.atmecs.TestScript.ValidateFooter" time="29.836" errors="0" timestamp="27 Sep 2019 12:14:20 GMT" skipped="0">
  <testcase classname="com.atmecs.TestScript.ValidateFooter" name="verifyFooter" time="26.017"/>
  <testcase classname="com.atmecs.TestScript.ValidateFooter" name="validateContextMenu" time="3.819"/>
</testsuite> <!-- com.atmecs.TestScript.ValidateFooter -->
